Log file open, 03/16/15 14:31:18
LogInit:Display: Running engine for game: HorrorProject
LogInit: Version: 4.7.2-2467323+++depot+UE4-Releases+4.7
LogInit: API Version: 2455222
LogInit: Compiled (64-bit): Mar  2 2015 23:16:34
LogInit: Compiled with Visual C++: 18.00.21005.01
LogInit: Build Configuration: Development
LogInit: Branch Name: ++depot+UE4-Releases+4.7
LogInit: Command line: 
LogInit: Base directory: C:/Program Files/Epic Games/4.7/Engine/Binaries/Win64/
LogInit: Rocket: 1
[2015.03.16-21.31.18:076][  0]LogTaskGraph: Started task graph with 3 named threads and 6 total threads.
[2015.03.16-21.31.18:125][  0]LogOnline:Warning: No default platform service specified for OnlineSubsystem
[2015.03.16-21.31.18:136][  0]LogInit: Presizing for 0 objects not considered by GC, pre-allocating 0 bytes.
[2015.03.16-21.31.18:143][  0]LogInit: Object subsystem initialized
[2015.03.16-21.31.18:159][  0]LogInit: Selected Device Profile: [Windows]
[2015.03.16-21.31.18:159][  0]LogInit: Applying CVar settings loaded from the selected device profile: [Windows]
[2015.03.16-21.31.18:163][  0]LogInit: Computer: MAINCOMPUTER
[2015.03.16-21.31.18:163][  0]LogInit: User: Leif
[2015.03.16-21.31.18:163][  0]LogInit: CPU Page size=4096, Cores=4
[2015.03.16-21.31.18:163][  0]LogInit: High frequency timer resolution =3.420585 MHz
[2015.03.16-21.31.18:163][  0]LogMemory: Memory total: Physical=8.0GB (8GB approx) Virtual=8192.0GB
[2015.03.16-21.31.18:163][  0]LogMemory: Platform Memory Stats for Windows
[2015.03.16-21.31.18:163][  0]LogMemory: Process Physical Memory: 47.58 MB used, 47.58 MB peak
[2015.03.16-21.31.18:163][  0]LogMemory: Process Virtual Memory: 26.41 MB used, 26.41 MB peak
[2015.03.16-21.31.18:163][  0]LogMemory: Physical Memory: 4029.49 MB used, 8168.87 MB total
[2015.03.16-21.31.18:163][  0]LogMemory: Virtual Memory: 280.91 MB used, 8388608.00 MB total
[2015.03.16-21.31.18:188][  0]LogD3D11RHI: Found D3D11 adapter 0: NVIDIA GeForce GTX 760 (Feature Level 11_0)
[2015.03.16-21.31.18:188][  0]LogD3D11RHI: Adapter has 1990MB of dedicated video memory, 0MB of dedicated system memory, and 2048MB of shared system memory, 3 output[s]
[2015.03.16-21.31.18:188][  0]LogD3D11RHI: Chosen D3D11 Adapter Id = 0
[2015.03.16-21.31.18:192][  0]LogRHI: Texture pool is 1361 MB (70% of 1945 MB)
[2015.03.16-21.31.18:198][  0]LogD3D11RHI: Async texture creation enabled
[2015.03.16-21.31.18:249][  0]LogTextLocalizationManager: The requested culture ('en_US') has no localization data; parent culture's ('en') localization data will be used.
[2015.03.16-21.31.18:355][  0]LogContentStreaming: Texture pool size is 0.000000MB
[2015.03.16-21.31.20:235][  0]LogTargetPlatformManager:Display: Building Assets For Windows
[2015.03.16-21.31.20:635][  0]LogTargetPlatformManager:Display: Building Assets For Windows
[2015.03.16-21.31.20:684][  0]LogDerivedDataCache:Display: Max Cache Size: 512 MB
[2015.03.16-21.31.20:717][  0]LogDerivedDataCache: Loaded boot cache 0.03s 39MB C:/Users/Leif/AppData/Local/UnrealEngine/4.7/DerivedDataCache/Boot.ddc.
[2015.03.16-21.31.20:717][  0]LogDerivedDataCache:Display: Loaded Boot cache: C:/Users/Leif/AppData/Local/UnrealEngine/4.7/DerivedDataCache/Boot.ddc
[2015.03.16-21.31.20:717][  0]LogDerivedDataCache: FDerivedDataBackendGraph:  Pak pak cache file ../../../../../../Users/Leif/Documents/Unreal Projects/HorrorProject/DerivedDataCache/DDC.ddp not found, will not use a pak cache.
[2015.03.16-21.31.20:717][  0]LogDerivedDataCache: Unable to find inner node Pak for hierarchical cache Hierarchy.
[2015.03.16-21.31.20:814][  0]LogDerivedDataCache:Display: Pak cache opened for reading ../../../Engine/DerivedDataCache/Compressed.ddp.
[2015.03.16-21.31.20:825][  0]LogDerivedDataCache: Using Local data cache path C:/Users/Leif/AppData/Local/UnrealEngine/Common/DerivedDataCache: Writable
[2015.03.16-21.31.21:071][  0]LogMeshUtilities: No automatic mesh reduction module available
[2015.03.16-21.31.21:071][  0]LogMeshUtilities: No automatic mesh merging module available
[2015.03.16-21.31.21:371][  0]LogInit: WinSock: version 1.1 (2.2), MaxSocks=32767, MaxUdp=65467
[2015.03.16-21.31.21:432][  0]LogSlate:Warning: Failed to load font data from '../../../Engine/Content/Slate/Fonts/Roboto-Italic.ttf'
[2015.03.16-21.31.22:124][  0]UdpMessaging: Initializing bridge on interface 0.0.0.0:0 to multicast group 230.0.0.1:6666.
[2015.03.16-21.31.22:311][  0]SourceControl: Info Source control is disabled
[2015.03.16-21.31.22:311][  0]SourceControl: Info Source control is disabled
[2015.03.16-21.31.22:311][  0]SourceControl: Info Source control is disabled
[2015.03.16-21.31.22:311][  0]LogSourceControl: RunCommandInternalRaw: 'git version'
[2015.03.16-21.31.22:311][  0]LogSourceControl: RunCommandInternalRaw: ExecProcess ReturnCode=2 OutResults=''
[2015.03.16-21.31.22:318][  0]SourceControl: Info Source control is disabled
[2015.03.16-21.31.22:461][  0]LogObj: 24231 objects as part of root set at end of initial load.
[2015.03.16-21.31.22:461][  0]LogUObjectAllocator: 5136432 out of 0 bytes used by permanent object pool.
[2015.03.16-21.31.22:526][  0]LogEngine: Initializing Engine...
[2015.03.16-21.31.25:651][  0]LogInit: XAudio2 using 'Speakers (Realtek High Definition Audio)' : 2 channels at 48 kHz using 32 bits per sample (channel mask 0x3)
[2015.03.16-21.31.25:671][  0]LogInit: FAudioDevice initialized.
[2015.03.16-21.31.25:702][  0]LogAIModule: Creating AISystem for world NewWorld
[2015.03.16-21.31.25:736][  0]LogDerivedDataCache: Saved boot cache 0.03s 39MB C:/Users/Leif/AppData/Local/UnrealEngine/4.7/DerivedDataCache/Boot.ddc.
[2015.03.16-21.31.25:741][  0]LogInit: Texture streaming: Enabled
[2015.03.16-21.31.25:818][  0]LogAnalytics: Creating configured Analytics provider AnalyticsET
[2015.03.16-21.31.25:818][  0]LogAnalytics: ET APIKey = Rocket.Release. APIServer = http://et2.epicgames.com/ET2/. AppVersion = 4.7.2-2467323+++depot+UE4-Releases+4.7
[2015.03.16-21.31.25:818][  0]LogAnalytics: ET APIKey = Rocket.Release. DataRouterUploadURL = https://datarouter-public-service-gamedev.ol.epicgames.net/datarouter/api/v1/public/data. AppVersion = 4.7.2-2467323+++depot+UE4-Releases+4.7
[2015.03.16-21.31.25:818][  0]LogAnalytics: SetUserId 944e6d884ec58bf89b0481ab4d5ea361|d03da1c8853e40c987e95c2ac5f10a88|02729e3c-300b-4484-8d51-6edb6e05e0b4
[2015.03.16-21.31.25:818][  0]LogAnalytics: AnalyticsET::StartSession [Rocket.Release]
[2015.03.16-21.31.25:835][  0]LogInit: Transaction tracking system initialized
[2015.03.16-21.31.25:973][  0]BlueprintLog: New page: Editor Load
[2015.03.16-21.31.26:002][  0]LogAssetRegistry: FAssetRegistry took 0.0093 seconds to start up
[2015.03.16-21.31.26:002][  0]LogDirectoryWatcher:Warning: Failed to begin reading directory changes for ../../../Engine/Plugins/Experimental/CharacterAI/Content/. Error: 0
[2015.03.16-21.31.26:422][  0]LogTargetPlatformManager:Display: Building Assets For Windows
[2015.03.16-21.31.26:761][  0]LogTargetPlatformManager:Display: Building Assets For Windows
[2015.03.16-21.31.30:107][  0]LogLinker:Warning: Can't find file '/Game/TopDownBP/TopDownOverview'
[2015.03.16-21.31.30:107][  0]LogLinker:Warning: Can't find file '/Game/TopDownBP/TopDownOverview'
[2015.03.16-21.31.30:108][  0]LogUObjectGlobals:Warning: Failed to find object 'Class /Game/TopDownBP/TopDownOverview.TopDownOverview_C'
[2015.03.16-21.31.30:137][  0]LogSlate:Warning: Failed to load font data from '../../../Engine/Content/Editor/Slate/Fonts/Roboto-Regular.ttf'
[2015.03.16-21.31.30:137][  0]LogSlate:Warning: Failed to load font data from '../../../Engine/Content/Editor/Slate/Fonts/Roboto-Bold.ttf'
[2015.03.16-21.31.30:145][  0]LogConsoleResponse:Display: 
[2015.03.16-21.31.30:257][  0]LogCook:Display: Done creating registry. It took  0.00s.
[2015.03.16-21.31.30:382][  0]SourceControl: Info Source control is disabled
[2015.03.16-21.31.30:382][  0]Cmd: MAP LOAD FILE="../../../../../../Users/Leif/Documents/Unreal Projects/HorrorProject/Content/ThirdPersonBP/Maps/ThirdPersonExampleMap.umap" TEMPLATE=0 SHOWPROGRESS=1 FEATURELEVEL=3
[2015.03.16-21.31.30:384][  0]LightingResults: New page: Lighting Build
[2015.03.16-21.31.30:394][  0]MapCheck: New page: Map Check
[2015.03.16-21.31.30:394][  0]LightingResults: New page: Lighting Build
[2015.03.16-21.31.30:399][  0]LogParticles: Destroying 0 GPU particle simulations for FXSystem 0x00000000134CA520
[2015.03.16-21.31.30:410][  0]LogLinker:Warning: Asset '../../../Engine/Content/EngineMeshes/Humanoid.uasset' has been saved with empty engine version. The asset will be loaded but may be incompatible.
[2015.03.16-21.31.31:808][  0]LogEditorServer: Finished looking for orphan Actors (0.000 secs)
[2015.03.16-21.31.31:808][  0]LogAIModule: Creating AISystem for world ThirdPersonExampleMap
[2015.03.16-21.31.31:809][  0]Cmd: MAP CHECKDEP
[2015.03.16-21.31.31:809][  0]MapCheck: New page: ThirdPersonExampleMap - Mar 16, 2015, 7:31:31 AM
[2015.03.16-21.31.31:877][  0]MapCheck: Info Map check complete: 0 Error(s), 0 Warning(s), took 68.554ms to complete.
[2015.03.16-21.31.31:877][  0]LogFileHelpers: Loading map 'ThirdPersonExampleMap' took 1.494
[2015.03.16-21.31.32:029][  0]LogCollectionManager: Loaded 0 collections in 0.001232 seconds
[2015.03.16-21.31.32:039][  0]LogContentBrowser: Native class hierarchy populated in 0.0101 seconds. Added 1696 classes and 261 folders.
[2015.03.16-21.31.32:077][  0]LogContentBrowser: Native class hierarchy updated for 'SceneOutliner' in 0.0016 seconds. Added 1 classes and 2 folders.
[2015.03.16-21.31.32:118][  0]LogCrashTracker: Crashtracker disabled due to settings.
[2015.03.16-21.31.32:119][  0]LogSlate:Warning: Failed to load font data from 'Veranda'
[2015.03.16-21.31.32:152][  0]LogLoad: Full Startup: 15.72 seconds (BP compile: 0.41 seconds)
[2015.03.16-21.31.32:508][  0]LogContentBrowser:Verbose: The content browser source was changed by the sources view to '/Game/ThirdPersonBP'
[2015.03.16-21.31.32:654][  0]LogRenderer:Warning: Reallocating scene render targets to support 1152x568 (Frame:2).
[2015.03.16-21.31.33:492][  3]LogAssetRegistry: Asset discovery search completed in 7.4991 seconds
[2015.03.16-21.31.37:544][ 19]LogEditorViewport: Clicking on Actor (LMB): ThirdPersonCharacter_C (ThirdPersonCharacter)
[2015.03.16-21.31.40:493][317]LogEditorViewport: Clicking on Actor (LMB): StaticMeshActor (Floor)
[2015.03.16-21.31.40:614][318]LogEditorViewport: Clicking on Component (LMB): StaticMeshComponent (StaticMeshComponent0)
[2015.03.16-21.31.41:404][409]LogEditorViewport: Clicking on Component (LMB): StaticMeshComponent (StaticMeshComponent0)
[2015.03.16-21.31.41:485][415]LogEditorViewport: Clicking on Actor (double click): StaticMeshActor (Floor)
[2015.03.16-21.31.42:168][493]LogEditorViewport: Clicking on Actor (LMB): ThirdPersonCharacter_C (ThirdPersonCharacter)
[2015.03.16-21.31.45:787][913]LogEditorViewport: Clicking on Actor (LMB): DocumentationActor (DocumentationActor1)
[2015.03.16-21.31.59:136][234]LogRenderer:Warning: Reallocating scene render targets to support 1152x888 (Frame:2463).
[2015.03.16-21.33.01:697][156]Cmd: TRANSACTION UNDO
[2015.03.16-21.33.01:697][156]LogEditorTransaction: Undo Add New Event Dispatcher
[2015.03.16-21.34.46:921][141]LogD3D11RHI:Warning: Temp texture streaming buffer not large enough, needed 8388608 bytes
[2015.03.16-21.35.18:568][867]BlueprintLog: New page: Pre-PIE auto-recompile
[2015.03.16-21.35.18:574][867]LogPlayLevel: [PIE] Compiling ThirdPersonCharacter before PIE...
[2015.03.16-21.35.18:743][867]LogPlayLevel: PIE:  Blueprint regeneration took 174 ms (1 blueprints)
[2015.03.16-21.35.18:743][867]PIE: New page: PIE session: ThirdPersonExampleMap (Mar 16, 2015, 7:35:18 AM)
[2015.03.16-21.35.18:769][867]LogPlayLevel: PIE: StaticDuplicateObject took: (0.025487s)
[2015.03.16-21.35.18:770][867]LogPlayLevel: PIE: World Init took: (0.000810s)
[2015.03.16-21.35.18:770][867]LogPlayLevel: PIE: Created PIE world by copying editor world from /Game/ThirdPersonBP/Maps/ThirdPersonExampleMap.ThirdPersonExampleMap to /Game/ThirdPersonBP/Maps/UEDPIE_0_ThirdPersonExampleMap.ThirdPersonExampleMap (0.026498s)
[2015.03.16-21.35.18:902][867]LogWorld: Game class is 'ThirdPersonGameMode_C'
[2015.03.16-21.35.18:904][867]LogAIModule: Creating AISystem for world ThirdPersonExampleMap
[2015.03.16-21.35.18:909][867]LogWorld: Bringing World /Game/ThirdPersonBP/Maps/UEDPIE_0_ThirdPersonExampleMap.ThirdPersonExampleMap up for play (max tick rate 0) at 2015.03.16-14.35.18
[2015.03.16-21.35.18:909][867]LogWorld: Bringing up level for play took: 0.005093
[2015.03.16-21.35.18:913][867]PIE: Info Play in editor start time for /Game/ThirdPersonBP/Maps/UEDPIE_0_ThirdPersonExampleMap -0.275
[2015.03.16-21.35.18:975][867]LogRenderer:Warning: Reallocating scene render targets to support 1296x888 (Frame:5929).
[2015.03.16-21.35.48:000][313]LogParticles: Destroying 0 GPU particle simulations for FXSystem 0x000000001E401580
[2015.03.16-21.37.41:087][575]Cmd: CLOSE_SLATE_MAINFRAME
[2015.03.16-21.37.45:562][575]LogSavePackage: Save=322.755890ms
[2015.03.16-21.37.45:562][575]LogSavePackage: Moving '../../../../../../Users/Leif/Documents/Unreal Projects/HorrorProject/Saved/ThirdPersonCharacter2B6E766747FF4D4B98799DBEED7D2B11.tmp' to '../../../../../../Users/Leif/Documents/Unreal Projects/HorrorProject/Content/ThirdPersonBP/Blueprints/ThirdPersonCharacter.uasset'
[2015.03.16-21.37.45:651][575]LogActorComponent: UnregisterComponent: (/Engine/Transient.CharMoveComp) Not registered. Aborting.
[2015.03.16-21.37.48:244][575]LogSavePackage: Save=2557.646240ms
[2015.03.16-21.37.48:244][575]LogSavePackage: Moving '../../../../../../Users/Leif/Documents/Unreal Projects/HorrorProject/Saved/ThirdPersonExampleMap740E7B01477D73BFD795A0911AC23353.tmp' to '../../../../../../Users/Leif/Documents/Unreal Projects/HorrorProject/Content/ThirdPersonBP/Maps/ThirdPersonExampleMap.umap'
[2015.03.16-21.37.48:287][575]LogFileHelpers: Saving map 'ThirdPersonExampleMap' took 2.720
[2015.03.16-21.37.48:712][576]Cmd: QUIT_EDITOR
[2015.03.16-21.37.48:896][576]LogExit: Preparing to exit.
[2015.03.16-21.37.49:224][576]LogExit: Editor shut down
[2015.03.16-21.37.49:224][576]LogExit: Transaction tracking system shut down
[2015.03.16-21.37.49:225][576]LogParticles: Destroying 0 GPU particle simulations for FXSystem 0x000000000CB56020
[2015.03.16-21.37.49:225][576]LogParticles: Destroying 0 GPU particle simulations for FXSystem 0x0000000015FF9260
[2015.03.16-21.37.49:225][576]LogParticles: Destroying 0 GPU particle simulations for FXSystem 0x0000000012749B20
[2015.03.16-21.37.49:225][576]LogParticles: Destroying 0 GPU particle simulations for FXSystem 0x0000000012748FE0
[2015.03.16-21.37.49:226][576]LogParticles: Destroying 0 GPU particle simulations for FXSystem 0x000000001606DD00
[2015.03.16-21.37.49:226][576]LogParticles: Destroying 0 GPU particle simulations for FXSystem 0x0000000015DE56C0
[2015.03.16-21.37.49:227][576]LogParticles: Destroying 0 GPU particle simulations for FXSystem 0x000000003309CAE0
[2015.03.16-21.37.49:385][576]LogExit: Object subsystem successfully closed.
[2015.03.16-21.37.49:427][576]LogModuleManager: Shutting down and abandoning module CrashTracker (177)
[2015.03.16-21.37.49:427][576]LogModuleManager: Shutting down and abandoning module SuperSearch (176)
[2015.03.16-21.37.49:427][576]LogModuleManager: Shutting down and abandoning module SceneOutliner (175)
[2015.03.16-21.37.49:427][576]LogModuleManager: Shutting down and abandoning module EditorWidgets (174)
[2015.03.16-21.37.49:427][576]LogModuleManager: Shutting down and abandoning module CollectionManager (173)
[2015.03.16-21.37.49:427][576]LogModuleManager: Shutting down and abandoning module StatsViewer (172)
[2015.03.16-21.37.49:427][576]LogModuleManager: Shutting down and abandoning module FoliageEdit (171)
[2015.03.16-21.37.49:427][576]LogModuleManager: Shutting down and abandoning module LandscapeEditor (170)
[2015.03.16-21.37.49:427][576]LogModuleManager: Shutting down and abandoning module MeshPaint (169)
[2015.03.16-21.37.49:427][576]LogModuleManager: Shutting down and abandoning module ActorPickerMode (168)
[2015.03.16-21.37.49:427][576]LogModuleManager: Shutting down and abandoning module GeometryMode (167)
[2015.03.16-21.37.49:427][576]LogModuleManager: Shutting down and abandoning module TextureAlignMode (166)
[2015.03.16-21.37.49:427][576]LogModuleManager: Shutting down and abandoning module BspMode (165)
[2015.03.16-21.37.49:427][576]LogModuleManager: Shutting down and abandoning module PlacementMode (164)
[2015.03.16-21.37.49:427][576]LogModuleManager: Shutting down and abandoning module AutomationWorker (163)
[2015.03.16-21.37.49:427][576]LogModuleManager: Shutting down and abandoning module CharacterAI (162)
[2015.03.16-21.37.49:427][576]LogModuleManager: Shutting down and abandoning module SmartSnapping (161)
[2015.03.16-21.37.49:427][576]LogModuleManager: Shutting down and abandoning module ViewportSnapping (160)
[2015.03.16-21.37.49:427][576]LogModuleManager: Shutting down and abandoning module LogVisualizer (159)
[2015.03.16-21.37.49:427][576]LogModuleManager: Shutting down and abandoning module GameProjectGeneration (158)
[2015.03.16-21.37.49:427][576]LogModuleManager: Shutting down and abandoning module IntroTutorials (157)
[2015.03.16-21.37.49:427][576]LogModuleManager: Shutting down and abandoning module EditorLiveStreaming (156)
[2015.03.16-21.37.49:428][576]LogModuleManager: Shutting down and abandoning module HardwareTargeting (155)
[2015.03.16-21.37.49:428][576]LogModuleManager: Shutting down and abandoning module DeviceProfileEditor (154)
[2015.03.16-21.37.49:428][576]LogModuleManager: Shutting down and abandoning module UndoHistory (153)
[2015.03.16-21.37.49:428][576]LogModuleManager: Shutting down and abandoning module GameplayTagsEditor (152)
[2015.03.16-21.37.49:428][576]LogModuleManager: Shutting down and abandoning module UserFeedback (151)
[2015.03.16-21.37.49:428][576]LogModuleManager: Shutting down and abandoning module XmlParser (150)
[2015.03.16-21.37.49:428][576]LogModuleManager: Shutting down and abandoning module Blutility (149)
[2015.03.16-21.37.49:428][576]LogModuleManager: Shutting down and abandoning module IOSPlatformEditor (148)
[2015.03.16-21.37.49:428][576]LogModuleManager: Shutting down and abandoning module IOSRuntimeSettings (147)
[2015.03.16-21.37.49:428][576]LogModuleManager: Shutting down and abandoning module AndroidDeviceDetection (146)
[2015.03.16-21.37.49:843][576]LogModuleManager: Shutting down and abandoning module AndroidPlatformEditor (145)
[2015.03.16-21.37.49:843][576]LogModuleManager: Shutting down and abandoning module AndroidRuntimeSettings (144)
[2015.03.16-21.37.49:843][576]LogModuleManager: Shutting down and abandoning module ProjectTargetPlatformEditor (143)
[2015.03.16-21.37.49:843][576]LogModuleManager: Shutting down and abandoning module ProjectSettingsViewer (142)
[2015.03.16-21.37.49:843][576]LogModuleManager: Shutting down and abandoning module InputBindingEditor (141)
[2015.03.16-21.37.49:843][576]LogModuleManager: Shutting down and abandoning module EditorSettingsViewer (140)
[2015.03.16-21.37.49:843][576]LogModuleManager: Shutting down and abandoning module SettingsEditor (139)
[2015.03.16-21.37.49:843][576]LogModuleManager: Shutting down and abandoning module ProjectLauncher (138)
[2015.03.16-21.37.49:843][576]LogModuleManager: Shutting down and abandoning module SessionFrontend (137)
[2015.03.16-21.37.49:843][576]LogModuleManager: Shutting down and abandoning module ProfilerClient (136)
[2015.03.16-21.37.49:843][576]LogModuleManager: Shutting down and abandoning module TargetDeviceServices (135)
[2015.03.16-21.37.49:843][576]LogModuleManager: Shutting down and abandoning module DeviceManager (134)
[2015.03.16-21.37.49:843][576]LogModuleManager: Shutting down and abandoning module AutomationController (133)
[2015.03.16-21.37.49:843][576]LogModuleManager: Shutting down and abandoning module AutomationWindow (132)
[2015.03.16-21.37.49:843][576]LogModuleManager: Shutting down and abandoning module Layers (131)
[2015.03.16-21.37.49:843][576]LogModuleManager: Shutting down and abandoning module ComponentVisualizers (130)
[2015.03.16-21.37.49:843][576]LogModuleManager: Shutting down and abandoning module DetailCustomizations (129)
[2015.03.16-21.37.49:843][576]LogModuleManager: Shutting down and abandoning module PackagesDialog (128)
[2015.03.16-21.37.49:843][576]LogModuleManager: Shutting down and abandoning module AssetRegistry (127)
[2015.03.16-21.37.49:858][576]LogModuleManager: Shutting down and abandoning module Persona (126)
[2015.03.16-21.37.49:858][576]LogModuleManager: Shutting down and abandoning module SlateReflector (125)
[2015.03.16-21.37.49:858][576]LogModuleManager: Shutting down and abandoning module LevelEditor (124)
[2015.03.16-21.37.49:858][576]LogModuleManager: Shutting down and abandoning module Kismet (123)
[2015.03.16-21.37.49:858][576]LogModuleManager: Shutting down and abandoning module GraphEditor (122)
[2015.03.16-21.37.49:858][576]LogModuleManager: Shutting down and abandoning module ClassViewer (121)
[2015.03.16-21.37.49:858][576]LogModuleManager: Shutting down and abandoning module Toolbox (120)
[2015.03.16-21.37.49:858][576]LogModuleManager: Shutting down and abandoning module ModuleUI (119)
[2015.03.16-21.37.49:858][576]LogModuleManager: Shutting down and abandoning module MovieSceneTools (118)
[2015.03.16-21.37.49:858][576]LogModuleManager: Shutting down and abandoning module OutputLog (117)
[2015.03.16-21.37.49:858][576]LogModuleManager: Shutting down and abandoning module GammaUI (116)
[2015.03.16-21.37.49:858][576]LogModuleManager: Shutting down and abandoning module Documentation (115)
[2015.03.16-21.37.49:859][576]LogModuleManager: Shutting down and abandoning module GameLiveStreaming (114)
[2015.03.16-21.37.49:859][576]LogModuleManager: Shutting down and abandoning module StreamingPauseRendering (113)
[2015.03.16-21.37.49:859][576]LogModuleManager: Shutting down and abandoning module HTTP (112)
[2015.03.16-21.37.49:859][576]LogModuleManager: Shutting down and abandoning module AnalyticsET (111)
[2015.03.16-21.37.49:859][576]LogModuleManager: Shutting down and abandoning module Analytics (110)
[2015.03.16-21.37.49:859][576]LogModuleManager: Shutting down and abandoning module AITestSuite (109)
[2015.03.16-21.37.49:859][576]LogModuleManager: Shutting down and abandoning module GameplayDebugger (108)
[2015.03.16-21.37.49:859][576]LogModuleManager: Shutting down and abandoning module AIModule (107)
[2015.03.16-21.37.49:859][576]LogModuleManager: Shutting down and abandoning module ProfilerService (106)
[2015.03.16-21.37.50:004][576]LogModuleManager: Shutting down and abandoning module TaskGraph (105)
[2015.03.16-21.37.50:004][576]LogModuleManager: Shutting down and abandoning module SlateRemote (104)
[2015.03.16-21.37.50:004][576]LogModuleManager: Shutting down and abandoning module ScriptEditorPlugin (103)
[2015.03.16-21.37.50:004][576]LogModuleManager: Shutting down and abandoning module CustomMeshComponent (102)
[2015.03.16-21.37.50:004][576]LogModuleManager: Shutting down and abandoning module CableComponent (101)
[2015.03.16-21.37.50:004][576]LogModuleManager: Shutting down and abandoning module MessagingDebugger (100)
[2015.03.16-21.37.50:004][576]LogModuleManager: Shutting down and abandoning module MediaPlayerEditor (99)
[2015.03.16-21.37.50:004][576]LogModuleManager: Shutting down and abandoning module SpeedTreeImporter (98)
[2015.03.16-21.37.50:004][576]LogModuleManager: Shutting down and abandoning module PluginsEditor (97)
[2015.03.16-21.37.50:004][576]LogModuleManager: Shutting down and abandoning module MainFrame (96)
[2015.03.16-21.37.50:004][576]LogModuleManager: Shutting down and abandoning module EpicSurvey (95)
[2015.03.16-21.37.50:004][576]LogModuleManager: Shutting down and abandoning module DesktopPlatform (94)
[2015.03.16-21.37.50:004][576]LogModuleManager: Shutting down and abandoning module DirectoryWatcher (93)
[2015.03.16-21.37.50:004][576]LogModuleManager: Shutting down and abandoning module HotReload (92)
[2015.03.16-21.37.50:004][576]LogModuleManager: Shutting down and abandoning module VisualStudioSourceCodeAccess (91)
[2015.03.16-21.37.50:004][576]LogModuleManager: Shutting down and abandoning module UObjectPlugin (90)
[2015.03.16-21.37.50:004][576]LogModuleManager: Shutting down and abandoning module SubversionSourceControl (89)
[2015.03.16-21.37.50:004][576]LogModuleManager: Shutting down and abandoning module PerforceSourceControl (88)
[2015.03.16-21.37.50:004][576]LogModuleManager: Shutting down and abandoning module SourceControl (87)
[2015.03.16-21.37.50:004][576]LogModuleManager: Shutting down and abandoning module GitSourceControl (86)
[2015.03.16-21.37.50:004][576]LogModuleManager: Shutting down and abandoning module BlankPlugin (85)
[2015.03.16-21.37.50:004][576]LogModuleManager: Shutting down and abandoning module PaperTiledImporter (84)
[2015.03.16-21.37.50:004][576]LogModuleManager: Shutting down and abandoning module PaperJsonImporter (83)
[2015.03.16-21.37.50:004][576]LogModuleManager: Shutting down and abandoning module ContentBrowser (82)
[2015.03.16-21.37.50:005][576]LogModuleManager: Shutting down and abandoning module Paper2DEditor (81)
[2015.03.16-21.37.50:005][576]LogModuleManager: Shutting down and abandoning module ScriptPlugin (80)
[2015.03.16-21.37.50:005][576]LogModuleManager: Shutting down and abandoning module UdpMessaging (79)
[2015.03.16-21.37.50:105][576]LogModuleManager: Shutting down and abandoning module Paper2D (78)
[2015.03.16-21.37.50:105][576]LogModuleManager: Shutting down and abandoning module WindowsMoviePlayer (77)
[2015.03.16-21.37.50:106][576]LogModuleManager: Shutting down and abandoning module Media (76)
[2015.03.16-21.37.50:106][576]LogModuleManager: Shutting down and abandoning module WmfMedia (75)
[2015.03.16-21.37.50:106][576]LogModuleManager: Shutting down and abandoning module OnlineBlueprintSupport (74)
[2015.03.16-21.37.50:106][576]LogModuleManager: Shutting down and abandoning module PropertyEditor (73)
[2015.03.16-21.37.50:106][576]LogModuleManager: Shutting down and abandoning module BehaviorTreeEditor (72)
[2015.03.16-21.37.50:106][576]LogModuleManager: Shutting down and abandoning module FunctionalTesting (71)
[2015.03.16-21.37.50:106][576]LogModuleManager: Shutting down and abandoning module CollisionAnalyzer (70)
[2015.03.16-21.37.50:106][576]LogModuleManager: Shutting down and abandoning module WorkspaceMenuStructure (69)
[2015.03.16-21.37.50:106][576]LogModuleManager: Shutting down and abandoning module MessageLog (68)
[2015.03.16-21.37.50:107][576]LogModuleManager: Shutting down and abandoning module Sequencer (67)
[2015.03.16-21.37.50:107][576]LogModuleManager: Shutting down and abandoning module AssetTools (66)
[2015.03.16-21.37.50:107][576]LogModuleManager: Shutting down and abandoning module UMGEditor (65)
[2015.03.16-21.37.50:107][576]LogModuleManager: Shutting down and abandoning module UMG (64)
[2015.03.16-21.37.50:107][576]LogModuleManager: Shutting down and abandoning module Slate (63)
[2015.03.16-21.37.50:107][576]LogModuleManager: Shutting down and abandoning module EditorStyle (62)
[2015.03.16-21.37.50:110][576]LogModuleManager: Shutting down and abandoning module SessionServices (61)
[2015.03.16-21.37.50:110][576]LogModuleManager: Shutting down and abandoning module SourceCodeAccess (60)
[2015.03.16-21.37.50:110][576]LogModuleManager: Shutting down and abandoning module HeadMountedDisplay (59)
[2015.03.16-21.37.50:110][576]LogModuleManager: Shutting down and abandoning module XAudio2 (58)
[2015.03.16-21.37.50:110][576]LogModuleManager: Shutting down and abandoning module Networking (56)
[2015.03.16-21.37.50:110][576]LogModuleManager: Shutting down and abandoning module Core (55)
[2015.03.16-21.37.50:110][576]LogModuleManager: Shutting down and abandoning module KismetCompiler (54)
[2015.03.16-21.37.50:110][576]LogModuleManager: Shutting down and abandoning module PhysXFormats (53)
[2015.03.16-21.37.50:110][576]LogModuleManager: Shutting down and abandoning module MeshUtilities (52)
[2015.03.16-21.37.50:110][576]LogModuleManager: Shutting down and abandoning module DerivedDataCache (51)
[2015.03.16-21.37.50:193][576]LogDerivedDataCache: Shutdown
[2015.03.16-21.37.50:193][576]LogModuleManager: Shutting down and abandoning module ShaderFormatOpenGL (50)
[2015.03.16-21.37.50:193][576]LogModuleManager: Shutting down and abandoning module ShaderFormatD3D (49)
[2015.03.16-21.37.50:193][576]LogModuleManager: Shutting down and abandoning module MetalShaderFormat (48)
[2015.03.16-21.37.50:193][576]LogModuleManager: Shutting down and abandoning module TextureFormatUncompressed (47)
[2015.03.16-21.37.50:193][576]LogModuleManager: Shutting down and abandoning module TextureFormatPVR (46)
[2015.03.16-21.37.50:193][576]LogModuleManager: Shutting down and abandoning module TextureFormatIntelISPCTexComp (45)
[2015.03.16-21.37.50:193][576]LogModuleManager: Shutting down and abandoning module TextureFormatDXT (44)
[2015.03.16-21.37.50:193][576]LogModuleManager: Shutting down and abandoning module ImageWrapper (43)
[2015.03.16-21.37.50:193][576]LogModuleManager: Shutting down and abandoning module TextureFormatASTC (42)
[2015.03.16-21.37.50:193][576]LogModuleManager: Shutting down and abandoning module TextureFormatAndroid (41)
[2015.03.16-21.37.50:193][576]LogModuleManager: Shutting down and abandoning module AudioFormatOpus (40)
[2015.03.16-21.37.50:193][576]LogModuleManager: Shutting down and abandoning module AudioFormatOgg (39)
[2015.03.16-21.37.50:193][576]LogModuleManager: Shutting down and abandoning module AudioFormatADPCM (38)
[2015.03.16-21.37.50:193][576]LogModuleManager: Shutting down and abandoning module LinuxTargetPlatform (37)
[2015.03.16-21.37.50:193][576]LogModuleManager: Shutting down and abandoning module LinuxServerTargetPlatform (36)
[2015.03.16-21.37.50:193][576]LogModuleManager: Shutting down and abandoning module LinuxNoEditorTargetPlatform (35)
[2015.03.16-21.37.50:193][576]LogModuleManager: Shutting down and abandoning module Messaging (34)
[2015.03.16-21.37.50:193][576]LogModuleManager: Shutting down and abandoning module IOSTargetPlatform (33)
[2015.03.16-21.37.50:193][576]LogModuleManager: Shutting down and abandoning module HTML5TargetPlatform (32)
[2015.03.16-21.37.50:193][576]LogModuleManager: Shutting down and abandoning module Android_PVRTCTargetPlatform (31)
[2015.03.16-21.37.50:193][576]LogModuleManager: Shutting down and abandoning module Android_ETC2TargetPlatform (30)
[2015.03.16-21.37.50:193][576]LogModuleManager: Shutting down and abandoning module Android_ETC1TargetPlatform (29)
[2015.03.16-21.37.50:193][576]LogModuleManager: Shutting down and abandoning module Android_ES31TargetPlatform (28)
[2015.03.16-21.37.50:193][576]LogModuleManager: Shutting down and abandoning module Android_DXTTargetPlatform (27)
[2015.03.16-21.37.50:193][576]LogModuleManager: Shutting down and abandoning module Android_ATCTargetPlatform (26)
[2015.03.16-21.37.50:193][576]LogModuleManager: Shutting down and abandoning module AndroidTargetPlatform (25)
[2015.03.16-21.37.50:193][576]LogModuleManager: Shutting down and abandoning module WindowsTargetPlatform (24)
[2015.03.16-21.37.50:193][576]LogModuleManager: Shutting down and abandoning module WindowsServerTargetPlatform (23)
[2015.03.16-21.37.50:193][576]LogModuleManager: Shutting down and abandoning module WindowsNoEditorTargetPlatform (22)
[2015.03.16-21.37.50:193][576]LogModuleManager: Shutting down and abandoning module WindowsClientTargetPlatform (21)
[2015.03.16-21.37.50:193][576]LogModuleManager: Shutting down and abandoning module TargetPlatform (20)
[2015.03.16-21.37.50:193][576]LogModuleManager: Shutting down and abandoning module InputCore (19)
[2015.03.16-21.37.50:193][576]LogModuleManager: Shutting down and abandoning module Settings (18)
[2015.03.16-21.37.50:193][576]LogModuleManager: Shutting down and abandoning module OnlineSubsystem (16)
[2015.03.16-21.37.50:193][576]LogModuleManager: Shutting down and abandoning module OculusRift (15)
[2015.03.16-21.37.50:193][576]LogModuleManager: Shutting down and abandoning module ExampleDeviceProfileSelector (14)
[2015.03.16-21.37.50:193][576]LogModuleManager: Shutting down and abandoning module TextureCompressor (13)
[2015.03.16-21.37.50:193][576]LogModuleManager: Shutting down and abandoning module ShaderCore (12)
[2015.03.16-21.37.50:193][576]LogModuleManager: Shutting down and abandoning module Landscape (11)
[2015.03.16-21.37.50:193][576]LogModuleManager: Shutting down and abandoning module SlateRHIRenderer (10)
[2015.03.16-21.37.50:196][576]LogModuleManager: Shutting down and abandoning module OpenGLDrv (9)
[2015.03.16-21.37.50:196][576]LogModuleManager: Shutting down and abandoning module D3D11RHI (8)
[2015.03.16-21.37.50:196][576]LogModuleManager: Shutting down and abandoning module Renderer (7)
[2015.03.16-21.37.50:196][576]LogModuleManager: Shutting down and abandoning module Engine (6)
[2015.03.16-21.37.50:196][576]LogModuleManager: Shutting down and abandoning module CoreUObject (5)
[2015.03.16-21.37.50:196][576]LogModuleManager: Shutting down and abandoning module NetworkFile (4)
[2015.03.16-21.37.50:196][576]LogModuleManager: Shutting down and abandoning module StreamingFile (3)
[2015.03.16-21.37.50:196][576]LogModuleManager: Shutting down and abandoning module SandboxFile (2)
[2015.03.16-21.37.50:196][576]LogModuleManager: Shutting down and abandoning module PakFile (1)
[2015.03.16-21.37.50:196][576]LogExit: Exiting.
[2015.03.16-21.37.50:208][576]Log file closed, 03/16/15 14:37:50
